This file contains any messages produced by compilers while
running configure, to aid debugging if configure makes a mistake.

It was created by SIPp configure see-include/version.h, which was
generated by GNU Autoconf 2.69.  Invocation command line was

  $ ./configure --with-pcap

## --------- ##
## Platform. ##
## --------- ##

hostname = TESTSTATION
uname -m = x86_64
uname -r = 4.15.0-29-generic
uname -s = Linux
uname -v = #31-Ubuntu SMP Tue Jul 17 15:39:52 UTC 2018

/usr/bin/uname -p = unknown
/bin/uname -X     = unknown

/bin/arch              = unknown
/usr/bin/arch -k       = unknown
/usr/convex/getsysinfo = unknown
/usr/bin/hostinfo      = unknown
/bin/machine           = unknown
/usr/bin/oslevel       = unknown
/bin/universe          = unknown

PATH: /usr/local/sbin
PATH: /usr/local/bin
PATH: /usr/sbin
PATH: /usr/bin
PATH: /sbin
PATH: /bin
PATH: /usr/games
PATH: /usr/local/games
PATH: /snap/bin


## ----------- ##
## Core tests. ##
## ----------- ##

configure:2611: checking build system type
configure:2625: result: x86_64-pc-linux-gnu
configure:2645: checking host system type
configure:2658: result: x86_64-pc-linux-gnu
configure:2678: checking target system type
configure:2691: result: x86_64-pc-linux-gnu
configure:2737: checking for a BSD-compatible install
configure:2805: result: /usr/bin/install -c
configure:2816: checking whether build environment is sane
configure:2871: result: yes
configure:3022: checking for a thread-safe mkdir -p
configure:3061: result: /bin/mkdir -p
configure:3068: checking for gawk
configure:3098: result: no
configure:3068: checking for mawk
configure:3084: found /usr/bin/mawk
configure:3095: result: mawk
configure:3106: checking whether make sets $(MAKE)
configure:3128: result: yes
configure:3157: checking whether make supports nested variables
configure:3174: result: yes
configure:3355: checking for help2man
configure:3388: result: no
configure:3402: WARNING: cannot find help2man, you will not be able to generate manpages
configure:3456: checking for gcc
configure:3472: found /usr/bin/gcc
configure:3483: result: gcc
configure:3712: checking for C compiler version
configure:3721: gcc --version >&5
gcc (Ubuntu 7.3.0-16ubuntu3) 7.3.0
Copyright (C) 2017 Free Software Foundation, Inc.
This is free software; see the source for copying conditions.  There is NO
warranty; not even for MERCHANTABILITY or FITNESS FOR A PARTICULAR PURPOSE.

configure:3732: $? = 0
configure:3721: gcc -v >&5
Using built-in specs.
COLLECT_GCC=gcc
COLLECT_LTO_WRAPPER=/usr/lib/gcc/x86_64-linux-gnu/7/lto-wrapper
OFFLOAD_TARGET_NAMES=nvptx-none
OFFLOAD_TARGET_DEFAULT=1
Target: x86_64-linux-gnu
Configured with: ../src/configure -v --with-pkgversion='Ubuntu 7.3.0-16ubuntu3' --with-bugurl=file:///usr/share/doc/gcc-7/README.Bugs --enable-languages=c,ada,c++,go,brig,d,fortran,objc,obj-c++ --prefix=/usr --with-gcc-major-version-only --with-as=/usr/bin/x86_64-linux-gnu-as --with-ld=/usr/bin/x86_64-linux-gnu-ld --program-suffix=-7 --program-prefix=x86_64-linux-gnu- --enable-shared --enable-linker-build-id --libexecdir=/usr/lib --without-included-gettext --enable-threads=posix --libdir=/usr/lib --enable-nls --with-sysroot=/ --enable-clocale=gnu --enable-libstdcxx-debug --enable-libstdcxx-time=yes --with-default-libstdcxx-abi=new --enable-gnu-unique-object --disable-vtable-verify --enable-libmpx --enable-plugin --enable-default-pie --with-system-zlib --with-target-system-zlib --enable-objc-gc=auto --enable-multiarch --disable-werror --with-arch-32=i686 --with-abi=m64 --with-multilib-list=m32,m64,mx32 --enable-multilib --with-tune=generic --enable-offload-targets=nvptx-none --without-cuda-driver --enable-checking=release --build=x86_64-linux-gnu --host=x86_64-linux-gnu --target=x86_64-linux-gnu
Thread model: posix
gcc version 7.3.0 (Ubuntu 7.3.0-16ubuntu3) 
configure:3732: $? = 0
configure:3721: gcc -V >&5
gcc: error: unrecognized command line option '-V'
gcc: fatal error: no input files
compilation terminated.
configure:3732: $? = 1
configure:3721: gcc -qversion >&5
gcc: error: unrecognized command line option '-qversion'; did you mean '--version'?
gcc: fatal error: no input files
compilation terminated.
configure:3732: $? = 1
configure:3752: checking whether the C compiler works
configure:3774: gcc    conftest.c  >&5
configure:3778: $? = 0
configure:3826: result: yes
configure:3829: checking for C compiler default output file name
configure:3831: result: a.out
configure:3837: checking for suffix of executables
configure:3844: gcc -o conftest    conftest.c  >&5
configure:3848: $? = 0
configure:3870: result: 
configure:3892: checking whether we are cross compiling
configure:3900: gcc -o conftest    conftest.c  >&5
configure:3904: $? = 0
configure:3911: ./conftest
configure:3915: $? = 0
configure:3930: result: no
configure:3935: checking for suffix of object files
configure:3957: gcc -c   conftest.c >&5
configure:3961: $? = 0
configure:3982: result: o
configure:3986: checking whether we are using the GNU C compiler
configure:4005: gcc -c   conftest.c >&5
configure:4005: $? = 0
configure:4014: result: yes
configure:4023: checking whether gcc accepts -g
configure:4043: gcc -c -g  conftest.c >&5
configure:4043: $? = 0
configure:4084: result: yes
configure:4101: checking for gcc option to accept ISO C89
configure:4164: gcc  -c -g -O2  conftest.c >&5
configure:4164: $? = 0
configure:4177: result: none needed
configure:4202: checking whether gcc understands -c and -o together
configure:4224: gcc -c conftest.c -o conftest2.o
configure:4227: $? = 0
configure:4224: gcc -c conftest.c -o conftest2.o
configure:4227: $? = 0
configure:4239: result: yes
configure:4267: checking for style of include used by make
configure:4295: result: GNU
configure:4321: checking dependency style of gcc
configure:4432: result: gcc3
configure:4505: checking for g++
configure:4521: found /usr/bin/g++
configure:4532: result: g++
configure:4559: checking for C++ compiler version
configure:4568: g++ --version >&5
g++ (Ubuntu 7.3.0-16ubuntu3) 7.3.0
Copyright (C) 2017 Free Software Foundation, Inc.
This is free software; see the source for copying conditions.  There is NO
warranty; not even for MERCHANTABILITY or FITNESS FOR A PARTICULAR PURPOSE.

configure:4579: $? = 0
configure:4568: g++ -v >&5
Using built-in specs.
COLLECT_GCC=g++
COLLECT_LTO_WRAPPER=/usr/lib/gcc/x86_64-linux-gnu/7/lto-wrapper
OFFLOAD_TARGET_NAMES=nvptx-none
OFFLOAD_TARGET_DEFAULT=1
Target: x86_64-linux-gnu
Configured with: ../src/configure -v --with-pkgversion='Ubuntu 7.3.0-16ubuntu3' --with-bugurl=file:///usr/share/doc/gcc-7/README.Bugs --enable-languages=c,ada,c++,go,brig,d,fortran,objc,obj-c++ --prefix=/usr --with-gcc-major-version-only --with-as=/usr/bin/x86_64-linux-gnu-as --with-ld=/usr/bin/x86_64-linux-gnu-ld --program-suffix=-7 --program-prefix=x86_64-linux-gnu- --enable-shared --enable-linker-build-id --libexecdir=/usr/lib --without-included-gettext --enable-threads=posix --libdir=/usr/lib --enable-nls --with-sysroot=/ --enable-clocale=gnu --enable-libstdcxx-debug --enable-libstdcxx-time=yes --with-default-libstdcxx-abi=new --enable-gnu-unique-object --disable-vtable-verify --enable-libmpx --enable-plugin --enable-default-pie --with-system-zlib --with-target-system-zlib --enable-objc-gc=auto --enable-multiarch --disable-werror --with-arch-32=i686 --with-abi=m64 --with-multilib-list=m32,m64,mx32 --enable-multilib --with-tune=generic --enable-offload-targets=nvptx-none --without-cuda-driver --enable-checking=release --build=x86_64-linux-gnu --host=x86_64-linux-gnu --target=x86_64-linux-gnu
Thread model: posix
gcc version 7.3.0 (Ubuntu 7.3.0-16ubuntu3) 
configure:4579: $? = 0
configure:4568: g++ -V >&5
g++: error: unrecognized command line option '-V'
g++: fatal error: no input files
compilation terminated.
configure:4579: $? = 1
configure:4568: g++ -qversion >&5
g++: error: unrecognized command line option '-qversion'; did you mean '--version'?
g++: fatal error: no input files
compilation terminated.
configure:4579: $? = 1
configure:4583: checking whether we are using the GNU C++ compiler
configure:4602: g++ -c   conftest.cpp >&5
configure:4602: $? = 0
configure:4611: result: yes
configure:4620: checking whether g++ accepts -g
configure:4640: g++ -c -g  conftest.cpp >&5
configure:4640: $? = 0
configure:4681: result: yes
configure:4706: checking dependency style of g++
configure:4817: result: gcc3
configure:4838: checking how to run the C preprocessor
configure:4869: gcc -E  conftest.c
configure:4869: $? = 0
configure:4883: gcc -E  conftest.c
conftest.c:11:10: fatal error: ac_nonexistent.h: No such file or directory
 #include <ac_nonexistent.h>
          ^~~~~~~~~~~~~~~~~~
compilation terminated.
configure:4883: $? = 1
configure: failed program was:
| /* confdefs.h */
| #define PACKAGE_NAME "SIPp"
| #define PACKAGE_TARNAME "sipp"
| #define PACKAGE_VERSION "see-include/version.h"
| #define PACKAGE_STRING "SIPp see-include/version.h"
| #define PACKAGE_BUGREPORT "sipp-users@lists.sourceforge.net"
| #define PACKAGE_URL ""
| #define PACKAGE "sipp"
| #define VERSION "see-include/version.h"
| /* end confdefs.h.  */
| #include <ac_nonexistent.h>
configure:4908: result: gcc -E
configure:4928: gcc -E  conftest.c
configure:4928: $? = 0
configure:4942: gcc -E  conftest.c
conftest.c:11:10: fatal error: ac_nonexistent.h: No such file or directory
 #include <ac_nonexistent.h>
          ^~~~~~~~~~~~~~~~~~
compilation terminated.
configure:4942: $? = 1
configure: failed program was:
| /* confdefs.h */
| #define PACKAGE_NAME "SIPp"
| #define PACKAGE_TARNAME "sipp"
| #define PACKAGE_VERSION "see-include/version.h"
| #define PACKAGE_STRING "SIPp see-include/version.h"
| #define PACKAGE_BUGREPORT "sipp-users@lists.sourceforge.net"
| #define PACKAGE_URL ""
| #define PACKAGE "sipp"
| #define VERSION "see-include/version.h"
| /* end confdefs.h.  */
| #include <ac_nonexistent.h>
configure:4971: checking for grep that handles long lines and -e
configure:5029: result: /bin/grep
configure:5034: checking for egrep
configure:5096: result: /bin/grep -E
configure:5101: checking for ANSI C header files
configure:5121: gcc -c -g -O2  conftest.c >&5
configure:5121: $? = 0
configure:5194: gcc -o conftest -g -O2   conftest.c  >&5
configure:5194: $? = 0
configure:5194: ./conftest
configure:5194: $? = 0
configure:5205: result: yes
configure:5224: checking whether g++ supports C++11 features by default
configure:5284: g++ -c -g -O2  conftest.cpp >&5
configure:5284: $? = 0
configure:5291: result: yes
configure:5407: checking whether C compiler accepts -std=gnu11
configure:5426: gcc -c -g -O2  -std=gnu11  conftest.c >&5
configure:5426: $? = 0
configure:5434: result: yes
configure:5477: checking for initscr in -lcurses
configure:5502: gcc -o conftest -g -O2 -std=gnu11 -D__LINUX  -D__LINUX  conftest.c -lcurses   >&5
configure:5502: $? = 0
configure:5511: result: yes
configure:5524: checking for pthread_mutex_init in -lpthread
configure:5549: gcc -o conftest -g -O2 -std=gnu11 -D__LINUX  -D__LINUX  conftest.c -lpthread  -lcurses  >&5
configure:5549: $? = 0
configure:5558: result: yes
configure:5568: checking for library containing dlopen
configure:5599: gcc -o conftest -g -O2 -std=gnu11 -D__LINUX  -D__LINUX  conftest.c -lcurses  >&5
/tmp/ccZfm3i4.o: In function `main':
/home/mateuszbaran/Desktop/sipp-3.5.1/conftest.c:25: undefined reference to `dlopen'
collect2: error: ld returned 1 exit status
configure:5599: $? = 1
configure: failed program was:
| /* confdefs.h */
| #define PACKAGE_NAME "SIPp"
| #define PACKAGE_TARNAME "sipp"
| #define PACKAGE_VERSION "see-include/version.h"
| #define PACKAGE_STRING "SIPp see-include/version.h"
| #define PACKAGE_BUGREPORT "sipp-users@lists.sourceforge.net"
| #define PACKAGE_URL ""
| #define PACKAGE "sipp"
| #define VERSION "see-include/version.h"
| #define STDC_HEADERS 1
| #define HAVE_CXX11 1
| #define HAVE_LIBCURSES 1
| /* end confdefs.h.  */
| 
| /* Override any GCC internal prototype to avoid an error.
|    Use char because int might match the return type of a GCC
|    builtin and then its argument prototype would still apply.  */
| #ifdef __cplusplus
| extern "C"
| #endif
| char dlopen ();
| int
| main ()
| {
| return dlopen ();
|   ;
|   return 0;
| }
configure:5599: gcc -o conftest -g -O2 -std=gnu11 -D__LINUX  -D__LINUX  conftest.c -ldl  -lcurses  >&5
configure:5599: $? = 0
configure:5616: result: -ldl
configure:5624: checking for library containing dlerror
configure:5655: gcc -o conftest -g -O2 -std=gnu11 -D__LINUX  -D__LINUX  conftest.c -ldl -lcurses  >&5
configure:5655: $? = 0
configure:5672: result: none required
configure:5680: checking for library containing dlsym
configure:5711: gcc -o conftest -g -O2 -std=gnu11 -D__LINUX  -D__LINUX  conftest.c -ldl -lcurses  >&5
configure:5711: $? = 0
configure:5728: result: none required
configure:5738: checking for library containing clock_gettime
configure:5769: gcc -o conftest -g -O2 -std=gnu11 -D__LINUX  -D__LINUX  conftest.c -ldl -lcurses  >&5
configure:5769: $? = 0
configure:5786: result: none required
configure:5796: checking for library containing inet_addr
configure:5827: gcc -o conftest -g -O2 -std=gnu11 -D__LINUX  -D__LINUX  conftest.c -ldl -lcurses  >&5
configure:5827: $? = 0
configure:5844: result: none required
configure:5852: checking for library containing inet_ntoa
configure:5883: gcc -o conftest -g -O2 -std=gnu11 -D__LINUX  -D__LINUX  conftest.c -ldl -lcurses  >&5
configure:5883: $? = 0
configure:5900: result: none required
configure:5909: checking for library containing pthread_mutex_init
configure:5940: gcc -o conftest -g -O2 -std=gnu11 -D__LINUX  -D__LINUX  conftest.c -ldl -lcurses  >&5
configure:5940: $? = 0
configure:5957: result: none required
configure:5965: checking for library containing pthread_mutex_destroy
configure:5996: gcc -o conftest -g -O2 -std=gnu11 -D__LINUX  -D__LINUX  conftest.c -ldl -lcurses  >&5
configure:5996: $? = 0
configure:6013: result: none required
configure:6021: checking for library containing pthread_mutex_lock
configure:6052: gcc -o conftest -g -O2 -std=gnu11 -D__LINUX  -D__LINUX  conftest.c -ldl -lcurses  >&5
configure:6052: $? = 0
configure:6069: result: none required
configure:6077: checking for library containing pthread_mutex_unlock
configure:6108: gcc -o conftest -g -O2 -std=gnu11 -D__LINUX  -D__LINUX  conftest.c -ldl -lcurses  >&5
configure:6108: $? = 0
configure:6125: result: none required
configure:6133: checking for library containing pthread_self
configure:6164: gcc -o conftest -g -O2 -std=gnu11 -D__LINUX  -D__LINUX  conftest.c -ldl -lcurses  >&5
configure:6164: $? = 0
configure:6181: result: none required
configure:6189: checking for library containing pthread_cancel
configure:6220: gcc -o conftest -g -O2 -std=gnu11 -D__LINUX  -D__LINUX  conftest.c -ldl -lcurses  >&5
/tmp/ccrGiHRv.o: In function `main':
/home/mateuszbaran/Desktop/sipp-3.5.1/conftest.c:25: undefined reference to `pthread_cancel'
collect2: error: ld returned 1 exit status
configure:6220: $? = 1
configure: failed program was:
| /* confdefs.h */
| #define PACKAGE_NAME "SIPp"
| #define PACKAGE_TARNAME "sipp"
| #define PACKAGE_VERSION "see-include/version.h"
| #define PACKAGE_STRING "SIPp see-include/version.h"
| #define PACKAGE_BUGREPORT "sipp-users@lists.sourceforge.net"
| #define PACKAGE_URL ""
| #define PACKAGE "sipp"
| #define VERSION "see-include/version.h"
| #define STDC_HEADERS 1
| #define HAVE_CXX11 1
| #define HAVE_LIBCURSES 1
| /* end confdefs.h.  */
| 
| /* Override any GCC internal prototype to avoid an error.
|    Use char because int might match the return type of a GCC
|    builtin and then its argument prototype would still apply.  */
| #ifdef __cplusplus
| extern "C"
| #endif
| char pthread_cancel ();
| int
| main ()
| {
| return pthread_cancel ();
|   ;
|   return 0;
| }
configure:6220: gcc -o conftest -g -O2 -std=gnu11 -D__LINUX  -D__LINUX  conftest.c -lpthread  -ldl -lcurses  >&5
configure:6220: $? = 0
configure:6237: result: -lpthread
configure:6245: checking for library containing pthread_join
configure:6276: gcc -o conftest -g -O2 -std=gnu11 -D__LINUX  -D__LINUX  conftest.c -lpthread -ldl -lcurses  >&5
configure:6276: $? = 0
configure:6293: result: none required
configure:6301: checking for library containing pthread_attr_init
configure:6332: gcc -o conftest -g -O2 -std=gnu11 -D__LINUX  -D__LINUX  conftest.c -lpthread -ldl -lcurses  >&5
configure:6332: $? = 0
configure:6349: result: none required
configure:6357: checking for library containing pthread_attr_setstacksize
configure:6388: gcc -o conftest -g -O2 -std=gnu11 -D__LINUX  -D__LINUX  conftest.c -lpthread -ldl -lcurses  >&5
configure:6388: $? = 0
configure:6405: result: none required
configure:6413: checking for library containing pthread_create
configure:6444: gcc -o conftest -g -O2 -std=gnu11 -D__LINUX  -D__LINUX  conftest.c -lpthread -ldl -lcurses  >&5
configure:6444: $? = 0
configure:6461: result: none required
configure:6469: checking for library containing pthread_attr_destroy
configure:6500: gcc -o conftest -g -O2 -std=gnu11 -D__LINUX  -D__LINUX  conftest.c -lpthread -ldl -lcurses  >&5
configure:6500: $? = 0
configure:6517: result: none required
configure:6525: checking for library containing pthread_setschedparam
configure:6556: gcc -o conftest -g -O2 -std=gnu11 -D__LINUX  -D__LINUX  conftest.c -lpthread -ldl -lcurses  >&5
configure:6556: $? = 0
configure:6573: result: none required
configure:6581: checking for library containing pthread_setcancelstate
configure:6612: gcc -o conftest -g -O2 -std=gnu11 -D__LINUX  -D__LINUX  conftest.c -lpthread -ldl -lcurses  >&5
configure:6612: $? = 0
configure:6629: result: none required
configure:6637: checking for library containing pthread_setcanceltype
configure:6668: gcc -o conftest -g -O2 -std=gnu11 -D__LINUX  -D__LINUX  conftest.c -lpthread -ldl -lcurses  >&5
configure:6668: $? = 0
configure:6685: result: none required
configure:6693: checking for library containing pthread_exit
configure:6724: gcc -o conftest -g -O2 -std=gnu11 -D__LINUX  -D__LINUX  conftest.c -lpthread -ldl -lcurses  >&5
configure:6724: $? = 0
configure:6741: result: none required
configure:6749: checking for library containing pthread_sigmask
configure:6780: gcc -o conftest -g -O2 -std=gnu11 -D__LINUX  -D__LINUX  conftest.c -lpthread -ldl -lcurses  >&5
configure:6780: $? = 0
configure:6797: result: none required
configure:6808: checking for library containing floor
configure:6839: gcc -o conftest -g -O2 -std=gnu11 -D__LINUX  -D__LINUX  conftest.c -lpthread -ldl -lcurses  >&5
conftest.c:21:6: warning: conflicting types for built-in function 'floor' [-Wbuiltin-declaration-mismatch]
 char floor ();
      ^~~~~
/tmp/ccNVgoM7.o: In function `main':
/home/mateuszbaran/Desktop/sipp-3.5.1/conftest.c:25: undefined reference to `floor'
collect2: error: ld returned 1 exit status
configure:6839: $? = 1
configure: failed program was:
| /* confdefs.h */
| #define PACKAGE_NAME "SIPp"
| #define PACKAGE_TARNAME "sipp"
| #define PACKAGE_VERSION "see-include/version.h"
| #define PACKAGE_STRING "SIPp see-include/version.h"
| #define PACKAGE_BUGREPORT "sipp-users@lists.sourceforge.net"
| #define PACKAGE_URL ""
| #define PACKAGE "sipp"
| #define VERSION "see-include/version.h"
| #define STDC_HEADERS 1
| #define HAVE_CXX11 1
| #define HAVE_LIBCURSES 1
| /* end confdefs.h.  */
| 
| /* Override any GCC internal prototype to avoid an error.
|    Use char because int might match the return type of a GCC
|    builtin and then its argument prototype would still apply.  */
| #ifdef __cplusplus
| extern "C"
| #endif
| char floor ();
| int
| main ()
| {
| return floor ();
|   ;
|   return 0;
| }
configure:6839: gcc -o conftest -g -O2 -std=gnu11 -D__LINUX  -D__LINUX  conftest.c -lm  -lpthread -ldl -lcurses  >&5
conftest.c:21:6: warning: conflicting types for built-in function 'floor' [-Wbuiltin-declaration-mismatch]
 char floor ();
      ^~~~~
configure:6839: $? = 0
configure:6856: result: -lm
configure:6864: checking for library containing pow
configure:6895: gcc -o conftest -g -O2 -std=gnu11 -D__LINUX  -D__LINUX  conftest.c -lm -lpthread -ldl -lcurses  >&5
conftest.c:21:6: warning: conflicting types for built-in function 'pow' [-Wbuiltin-declaration-mismatch]
 char pow ();
      ^~~
configure:6895: $? = 0
configure:6912: result: none required
configure:6922: checking for library containing htons
configure:6953: gcc -o conftest -g -O2 -std=gnu11 -D__LINUX  -D__LINUX  conftest.c -lm -lpthread -ldl -lcurses  >&5
configure:6953: $? = 0
configure:6970: result: none required
configure:6978: checking for library containing ntohs
configure:7009: gcc -o conftest -g -O2 -std=gnu11 -D__LINUX  -D__LINUX  conftest.c -lm -lpthread -ldl -lcurses  >&5
configure:7009: $? = 0
configure:7026: result: none required
configure:7034: checking for library containing bind
configure:7065: gcc -o conftest -g -O2 -std=gnu11 -D__LINUX  -D__LINUX  conftest.c -lm -lpthread -ldl -lcurses  >&5
configure:7065: $? = 0
configure:7082: result: none required
configure:7090: checking for library containing freeaddrinfo
configure:7121: gcc -o conftest -g -O2 -std=gnu11 -D__LINUX  -D__LINUX  conftest.c -lm -lpthread -ldl -lcurses  >&5
configure:7121: $? = 0
configure:7138: result: none required
configure:7146: checking for library containing getaddrinfo
configure:7177: gcc -o conftest -g -O2 -std=gnu11 -D__LINUX  -D__LINUX  conftest.c -lm -lpthread -ldl -lcurses  >&5
configure:7177: $? = 0
configure:7194: result: none required
configure:7202: checking for library containing listen
configure:7233: gcc -o conftest -g -O2 -std=gnu11 -D__LINUX  -D__LINUX  conftest.c -lm -lpthread -ldl -lcurses  >&5
configure:7233: $? = 0
configure:7250: result: none required
configure:7258: checking for library containing recvfrom
configure:7289: gcc -o conftest -g -O2 -std=gnu11 -D__LINUX  -D__LINUX  conftest.c -lm -lpthread -ldl -lcurses  >&5
configure:7289: $? = 0
configure:7306: result: none required
configure:7314: checking for library containing shutdown
configure:7345: gcc -o conftest -g -O2 -std=gnu11 -D__LINUX  -D__LINUX  conftest.c -lm -lpthread -ldl -lcurses  >&5
configure:7345: $? = 0
configure:7362: result: none required
configure:7846: checking pcap.h usability
configure:7846: gcc -c -g -O2 -std=gnu11 -D__LINUX  -D__LINUX conftest.c >&5
configure:7846: $? = 0
configure:7846: result: yes
configure:7846: checking pcap.h presence
configure:7846: gcc -E  -D__LINUX conftest.c
configure:7846: $? = 0
configure:7846: result: yes
configure:7846: checking for pcap.h
configure:7846: result: yes
configure:7858: checking for library containing pcap_open_offline
configure:7889: gcc -o conftest -g -O2 -std=gnu11 -D__LINUX  -D__LINUX  conftest.c -lm -lpthread -ldl -lcurses  >&5
/tmp/ccuaKSvR.o: In function `main':
/home/mateuszbaran/Desktop/sipp-3.5.1/conftest.c:26: undefined reference to `pcap_open_offline'
collect2: error: ld returned 1 exit status
configure:7889: $? = 1
configure: failed program was:
| /* confdefs.h */
| #define PACKAGE_NAME "SIPp"
| #define PACKAGE_TARNAME "sipp"
| #define PACKAGE_VERSION "see-include/version.h"
| #define PACKAGE_STRING "SIPp see-include/version.h"
| #define PACKAGE_BUGREPORT "sipp-users@lists.sourceforge.net"
| #define PACKAGE_URL ""
| #define PACKAGE "sipp"
| #define VERSION "see-include/version.h"
| #define STDC_HEADERS 1
| #define HAVE_CXX11 1
| #define HAVE_LIBCURSES 1
| #define HAVE_PCAP_H 1
| /* end confdefs.h.  */
| 
| /* Override any GCC internal prototype to avoid an error.
|    Use char because int might match the return type of a GCC
|    builtin and then its argument prototype would still apply.  */
| #ifdef __cplusplus
| extern "C"
| #endif
| char pcap_open_offline ();
| int
| main ()
| {
| return pcap_open_offline ();
|   ;
|   return 0;
| }
configure:7889: gcc -o conftest -g -O2 -std=gnu11 -D__LINUX  -D__LINUX  conftest.c -lpcap  -lm -lpthread -ldl -lcurses  >&5
configure:7889: $? = 0
configure:7906: result: -lpcap
configure:7916: checking for library containing pcap_next
configure:7947: gcc -o conftest -g -O2 -std=gnu11 -D__LINUX  -D__LINUX  conftest.c -lpcap -lm -lpthread -ldl -lcurses  >&5
configure:7947: $? = 0
configure:7964: result: none required
configure:7974: checking for library containing pcap_close
configure:8005: gcc -o conftest -g -O2 -std=gnu11 -D__LINUX  -D__LINUX  conftest.c -lpcap -lm -lpthread -ldl -lcurses  >&5
configure:8005: $? = 0
configure:8022: result: none required
configure:8032: checking for pcap_next_ex in -lpcap
configure:8057: gcc -o conftest -g -O2 -std=gnu11 -D__LINUX  -D__LINUX  conftest.c -lpcap  -lpcap -lm -lpthread -ldl -lcurses  >&5
configure:8057: $? = 0
configure:8066: result: yes
configure:8291: checking linux/version.h usability
configure:8291: gcc -c -g -O2 -std=gnu11 -D__LINUX  -D__LINUX conftest.c >&5
configure:8291: $? = 0
configure:8291: result: yes
configure:8291: checking linux/version.h presence
configure:8291: gcc -E  -D__LINUX conftest.c
configure:8291: $? = 0
configure:8291: result: yes
configure:8291: checking for linux/version.h
configure:8291: result: yes
configure:8297: checking for Linux epoll(7) interface
configure:8323: gcc -o conftest -g -O2 -std=gnu11 -D__LINUX  -D__LINUX -DHAVE_LINUX_VERSION_H  conftest.c -lpcap -lm -lpthread -ldl -lcurses  >&5
configure:8323: $? = 0
configure:8334: result: yes
configure:8399: checking for size_t
configure:8399: gcc -c -g -O2 -std=gnu11 -D__LINUX  -D__LINUX conftest.c >&5
configure:8399: $? = 0
configure:8399: gcc -c -g -O2 -std=gnu11 -D__LINUX  -D__LINUX conftest.c >&5
conftest.c: In function 'main':
conftest.c:53:21: error: expected expression before ')' token
 if (sizeof ((size_t)))
                     ^
configure:8399: $? = 1
configure: failed program was:
| /* confdefs.h */
| #define PACKAGE_NAME "SIPp"
| #define PACKAGE_TARNAME "sipp"
| #define PACKAGE_VERSION "see-include/version.h"
| #define PACKAGE_STRING "SIPp see-include/version.h"
| #define PACKAGE_BUGREPORT "sipp-users@lists.sourceforge.net"
| #define PACKAGE_URL ""
| #define PACKAGE "sipp"
| #define VERSION "see-include/version.h"
| #define STDC_HEADERS 1
| #define HAVE_CXX11 1
| #define HAVE_LIBCURSES 1
| #define HAVE_PCAP_H 1
| #define HAVE_PCAP_NEXT_EX 1
| #define HAVE_EPOLL 1
| /* end confdefs.h.  */
| #include <stdio.h>
| #ifdef HAVE_SYS_TYPES_H
| # include <sys/types.h>
| #endif
| #ifdef HAVE_SYS_STAT_H
| # include <sys/stat.h>
| #endif
| #ifdef STDC_HEADERS
| # include <stdlib.h>
| # include <stddef.h>
| #else
| # ifdef HAVE_STDLIB_H
| #  include <stdlib.h>
| # endif
| #endif
| #ifdef HAVE_STRING_H
| # if !defined STDC_HEADERS && defined HAVE_MEMORY_H
| #  include <memory.h>
| # endif
| # include <string.h>
| #endif
| #ifdef HAVE_STRINGS_H
| # include <strings.h>
| #endif
| #ifdef HAVE_INTTYPES_H
| # include <inttypes.h>
| #endif
| #ifdef HAVE_STDINT_H
| # include <stdint.h>
| #endif
| #ifdef HAVE_UNISTD_H
| # include <unistd.h>
| #endif
| int
| main ()
| {
| if (sizeof ((size_t)))
| 	    return 0;
|   ;
|   return 0;
| }
configure:8399: result: yes
configure:8412: checking for working alloca.h
configure:8429: gcc -o conftest -g -O2 -std=gnu11 -D__LINUX  -D__LINUX  conftest.c -lpcap -lm -lpthread -ldl -lcurses  >&5
configure:8429: $? = 0
configure:8437: result: yes
configure:8445: checking for alloca
configure:8482: gcc -o conftest -g -O2 -std=gnu11 -D__LINUX  -D__LINUX  conftest.c -lpcap -lm -lpthread -ldl -lcurses  >&5
configure:8482: $? = 0
configure:8490: result: yes
configure:8599: checking arpa/inet.h usability
configure:8599: gcc -c -g -O2 -std=gnu11 -D__LINUX  -D__LINUX conftest.c >&5
configure:8599: $? = 0
configure:8599: result: yes
configure:8599: checking arpa/inet.h presence
configure:8599: gcc -E  -D__LINUX conftest.c
configure:8599: $? = 0
configure:8599: result: yes
configure:8599: checking for arpa/inet.h
configure:8599: result: yes
configure:8599: checking fcntl.h usability
configure:8599: gcc -c -g -O2 -std=gnu11 -D__LINUX  -D__LINUX conftest.c >&5
configure:8599: $? = 0
configure:8599: result: yes
configure:8599: checking fcntl.h presence
configure:8599: gcc -E  -D__LINUX conftest.c
configure:8599: $? = 0
configure:8599: result: yes
configure:8599: checking for fcntl.h
configure:8599: result: yes
configure:8599: checking limits.h usability
configure:8599: gcc -c -g -O2 -std=gnu11 -D__LINUX  -D__LINUX conftest.c >&5
configure:8599: $? = 0
configure:8599: result: yes
configure:8599: checking limits.h presence
configure:8599: gcc -E  -D__LINUX conftest.c
configure:8599: $? = 0
configure:8599: result: yes
configure:8599: checking for limits.h
configure:8599: result: yes
configure:8599: checking netdb.h usability
configure:8599: gcc -c -g -O2 -std=gnu11 -D__LINUX  -D__LINUX conftest.c >&5
configure:8599: $? = 0
configure:8599: result: yes
configure:8599: checking netdb.h presence
configure:8599: gcc -E  -D__LINUX conftest.c
configure:8599: $? = 0
configure:8599: result: yes
configure:8599: checking for netdb.h
configure:8599: result: yes
configure:8599: checking netinet/in.h usability
configure:8599: gcc -c -g -O2 -std=gnu11 -D__LINUX  -D__LINUX conftest.c >&5
configure:8599: $? = 0
configure:8599: result: yes
configure:8599: checking netinet/in.h presence
configure:8599: gcc -E  -D__LINUX conftest.c
configure:8599: $? = 0
configure:8599: result: yes
configure:8599: checking for netinet/in.h
configure:8599: result: yes
configure:8599: checking stdlib.h usability
configure:8599: gcc -c -g -O2 -std=gnu11 -D__LINUX  -D__LINUX conftest.c >&5
configure:8599: $? = 0
configure:8599: result: yes
configure:8599: checking stdlib.h presence
configure:8599: gcc -E  -D__LINUX conftest.c
configure:8599: $? = 0
configure:8599: result: yes
configure:8599: checking for stdlib.h
configure:8599: result: yes
configure:8599: checking string.h usability
configure:8599: gcc -c -g -O2 -std=gnu11 -D__LINUX  -D__LINUX conftest.c >&5
configure:8599: $? = 0
configure:8599: result: yes
configure:8599: checking string.h presence
configure:8599: gcc -E  -D__LINUX conftest.c
configure:8599: $? = 0
configure:8599: result: yes
configure:8599: checking for string.h
configure:8599: result: yes
configure:8599: checking sys/socket.h usability
configure:8599: gcc -c -g -O2 -std=gnu11 -D__LINUX  -D__LINUX conftest.c >&5
configure:8599: $? = 0
configure:8599: result: yes
configure:8599: checking sys/socket.h presence
configure:8599: gcc -E  -D__LINUX conftest.c
configure:8599: $? = 0
configure:8599: result: yes
configure:8599: checking for sys/socket.h
configure:8599: result: yes
configure:8599: checking sys/time.h usability
configure:8599: gcc -c -g -O2 -std=gnu11 -D__LINUX  -D__LINUX conftest.c >&5
configure:8599: $? = 0
configure:8599: result: yes
configure:8599: checking sys/time.h presence
configure:8599: gcc -E  -D__LINUX conftest.c
configure:8599: $? = 0
configure:8599: result: yes
configure:8599: checking for sys/time.h
configure:8599: result: yes
configure:8599: checking unistd.h usability
configure:8599: gcc -c -g -O2 -std=gnu11 -D__LINUX  -D__LINUX conftest.c >&5
configure:8599: $? = 0
configure:8599: result: yes
configure:8599: checking unistd.h presence
configure:8599: gcc -E  -D__LINUX conftest.c
configure:8599: $? = 0
configure:8599: result: yes
configure:8599: checking for unistd.h
configure:8599: result: yes
configure:8612: checking for stdbool.h that conforms to C99
configure:8679: gcc -c -g -O2 -std=gnu11 -D__LINUX  -D__LINUX conftest.c >&5
configure:8679: $? = 0
configure:8686: result: yes
configure:8688: checking for _Bool
configure:8688: gcc -c -g -O2 -std=gnu11 -D__LINUX  -D__LINUX conftest.c >&5
configure:8688: $? = 0
configure:8688: gcc -c -g -O2 -std=gnu11 -D__LINUX  -D__LINUX conftest.c >&5
conftest.c: In function 'main':
conftest.c:65:20: error: expected expression before ')' token
 if (sizeof ((_Bool)))
                    ^
configure:8688: $? = 1
configure: failed program was:
| /* confdefs.h */
| #define PACKAGE_NAME "SIPp"
| #define PACKAGE_TARNAME "sipp"
| #define PACKAGE_VERSION "see-include/version.h"
| #define PACKAGE_STRING "SIPp see-include/version.h"
| #define PACKAGE_BUGREPORT "sipp-users@lists.sourceforge.net"
| #define PACKAGE_URL ""
| #define PACKAGE "sipp"
| #define VERSION "see-include/version.h"
| #define STDC_HEADERS 1
| #define HAVE_CXX11 1
| #define HAVE_LIBCURSES 1
| #define HAVE_PCAP_H 1
| #define HAVE_PCAP_NEXT_EX 1
| #define HAVE_EPOLL 1
| #define HAVE_ALLOCA_H 1
| #define HAVE_ALLOCA 1
| #define HAVE_ARPA_INET_H 1
| #define HAVE_FCNTL_H 1
| #define HAVE_LIMITS_H 1
| #define HAVE_NETDB_H 1
| #define HAVE_NETINET_IN_H 1
| #define HAVE_STDLIB_H 1
| #define HAVE_STRING_H 1
| #define HAVE_SYS_SOCKET_H 1
| #define HAVE_SYS_TIME_H 1
| #define HAVE_UNISTD_H 1
| /* end confdefs.h.  */
| #include <stdio.h>
| #ifdef HAVE_SYS_TYPES_H
| # include <sys/types.h>
| #endif
| #ifdef HAVE_SYS_STAT_H
| # include <sys/stat.h>
| #endif
| #ifdef STDC_HEADERS
| # include <stdlib.h>
| # include <stddef.h>
| #else
| # ifdef HAVE_STDLIB_H
| #  include <stdlib.h>
| # endif
| #endif
| #ifdef HAVE_STRING_H
| # if !defined STDC_HEADERS && defined HAVE_MEMORY_H
| #  include <memory.h>
| # endif
| # include <string.h>
| #endif
| #ifdef HAVE_STRINGS_H
| # include <strings.h>
| #endif
| #ifdef HAVE_INTTYPES_H
| # include <inttypes.h>
| #endif
| #ifdef HAVE_STDINT_H
| # include <stdint.h>
| #endif
| #ifdef HAVE_UNISTD_H
| # include <unistd.h>
| #endif
| int
| main ()
| {
| if (sizeof ((_Bool)))
| 	    return 0;
|   ;
|   return 0;
| }
configure:8688: result: yes
configure:8705: checking for inline
configure:8721: gcc -c -g -O2 -std=gnu11 -D__LINUX  -D__LINUX conftest.c >&5
configure:8721: $? = 0
configure:8729: result: inline
configure:8747: checking for pid_t
configure:8747: gcc -c -g -O2 -std=gnu11 -D__LINUX  -D__LINUX conftest.c >&5
configure:8747: $? = 0
configure:8747: gcc -c -g -O2 -std=gnu11 -D__LINUX  -D__LINUX conftest.c >&5
conftest.c: In function 'main':
conftest.c:67:20: error: expected expression before ')' token
 if (sizeof ((pid_t)))
                    ^
configure:8747: $? = 1
configure: failed program was:
| /* confdefs.h */
| #define PACKAGE_NAME "SIPp"
| #define PACKAGE_TARNAME "sipp"
| #define PACKAGE_VERSION "see-include/version.h"
| #define PACKAGE_STRING "SIPp see-include/version.h"
| #define PACKAGE_BUGREPORT "sipp-users@lists.sourceforge.net"
| #define PACKAGE_URL ""
| #define PACKAGE "sipp"
| #define VERSION "see-include/version.h"
| #define STDC_HEADERS 1
| #define HAVE_CXX11 1
| #define HAVE_LIBCURSES 1
| #define HAVE_PCAP_H 1
| #define HAVE_PCAP_NEXT_EX 1
| #define HAVE_EPOLL 1
| #define HAVE_ALLOCA_H 1
| #define HAVE_ALLOCA 1
| #define HAVE_ARPA_INET_H 1
| #define HAVE_FCNTL_H 1
| #define HAVE_LIMITS_H 1
| #define HAVE_NETDB_H 1
| #define HAVE_NETINET_IN_H 1
| #define HAVE_STDLIB_H 1
| #define HAVE_STRING_H 1
| #define HAVE_SYS_SOCKET_H 1
| #define HAVE_SYS_TIME_H 1
| #define HAVE_UNISTD_H 1
| #define HAVE__BOOL 1
| #define HAVE_STDBOOL_H 1
| /* end confdefs.h.  */
| #include <stdio.h>
| #ifdef HAVE_SYS_TYPES_H
| # include <sys/types.h>
| #endif
| #ifdef HAVE_SYS_STAT_H
| # include <sys/stat.h>
| #endif
| #ifdef STDC_HEADERS
| # include <stdlib.h>
| # include <stddef.h>
| #else
| # ifdef HAVE_STDLIB_H
| #  include <stdlib.h>
| # endif
| #endif
| #ifdef HAVE_STRING_H
| # if !defined STDC_HEADERS && defined HAVE_MEMORY_H
| #  include <memory.h>
| # endif
| # include <string.h>
| #endif
| #ifdef HAVE_STRINGS_H
| # include <strings.h>
| #endif
| #ifdef HAVE_INTTYPES_H
| # include <inttypes.h>
| #endif
| #ifdef HAVE_STDINT_H
| # include <stdint.h>
| #endif
| #ifdef HAVE_UNISTD_H
| # include <unistd.h>
| #endif
| int
| main ()
| {
| if (sizeof ((pid_t)))
| 	    return 0;
|   ;
|   return 0;
| }
configure:8747: result: yes
configure:8758: checking for size_t
configure:8758: result: yes
configure:8769: checking for ssize_t
configure:8769: gcc -c -g -O2 -std=gnu11 -D__LINUX  -D__LINUX conftest.c >&5
configure:8769: $? = 0
configure:8769: gcc -c -g -O2 -std=gnu11 -D__LINUX  -D__LINUX conftest.c >&5
conftest.c: In function 'main':
conftest.c:67:22: error: expected expression before ')' token
 if (sizeof ((ssize_t)))
                      ^
configure:8769: $? = 1
configure: failed program was:
| /* confdefs.h */
| #define PACKAGE_NAME "SIPp"
| #define PACKAGE_TARNAME "sipp"
| #define PACKAGE_VERSION "see-include/version.h"
| #define PACKAGE_STRING "SIPp see-include/version.h"
| #define PACKAGE_BUGREPORT "sipp-users@lists.sourceforge.net"
| #define PACKAGE_URL ""
| #define PACKAGE "sipp"
| #define VERSION "see-include/version.h"
| #define STDC_HEADERS 1
| #define HAVE_CXX11 1
| #define HAVE_LIBCURSES 1
| #define HAVE_PCAP_H 1
| #define HAVE_PCAP_NEXT_EX 1
| #define HAVE_EPOLL 1
| #define HAVE_ALLOCA_H 1
| #define HAVE_ALLOCA 1
| #define HAVE_ARPA_INET_H 1
| #define HAVE_FCNTL_H 1
| #define HAVE_LIMITS_H 1
| #define HAVE_NETDB_H 1
| #define HAVE_NETINET_IN_H 1
| #define HAVE_STDLIB_H 1
| #define HAVE_STRING_H 1
| #define HAVE_SYS_SOCKET_H 1
| #define HAVE_SYS_TIME_H 1
| #define HAVE_UNISTD_H 1
| #define HAVE__BOOL 1
| #define HAVE_STDBOOL_H 1
| /* end confdefs.h.  */
| #include <stdio.h>
| #ifdef HAVE_SYS_TYPES_H
| # include <sys/types.h>
| #endif
| #ifdef HAVE_SYS_STAT_H
| # include <sys/stat.h>
| #endif
| #ifdef STDC_HEADERS
| # include <stdlib.h>
| # include <stddef.h>
| #else
| # ifdef HAVE_STDLIB_H
| #  include <stdlib.h>
| # endif
| #endif
| #ifdef HAVE_STRING_H
| # if !defined STDC_HEADERS && defined HAVE_MEMORY_H
| #  include <memory.h>
| # endif
| # include <string.h>
| #endif
| #ifdef HAVE_STRINGS_H
| # include <strings.h>
| #endif
| #ifdef HAVE_INTTYPES_H
| # include <inttypes.h>
| #endif
| #ifdef HAVE_STDINT_H
| # include <stdint.h>
| #endif
| #ifdef HAVE_UNISTD_H
| # include <unistd.h>
| #endif
| int
| main ()
| {
| if (sizeof ((ssize_t)))
| 	    return 0;
|   ;
|   return 0;
| }
configure:8769: result: yes
configure:8789: checking vfork.h usability
configure:8789: gcc -c -g -O2 -std=gnu11 -D__LINUX  -D__LINUX conftest.c >&5
conftest.c:64:10: fatal error: vfork.h: No such file or directory
 #include <vfork.h>
          ^~~~~~~~~
compilation terminated.
configure:8789: $? = 1
configure: failed program was:
| /* confdefs.h */
| #define PACKAGE_NAME "SIPp"
| #define PACKAGE_TARNAME "sipp"
| #define PACKAGE_VERSION "see-include/version.h"
| #define PACKAGE_STRING "SIPp see-include/version.h"
| #define PACKAGE_BUGREPORT "sipp-users@lists.sourceforge.net"
| #define PACKAGE_URL ""
| #define PACKAGE "sipp"
| #define VERSION "see-include/version.h"
| #define STDC_HEADERS 1
| #define HAVE_CXX11 1
| #define HAVE_LIBCURSES 1
| #define HAVE_PCAP_H 1
| #define HAVE_PCAP_NEXT_EX 1
| #define HAVE_EPOLL 1
| #define HAVE_ALLOCA_H 1
| #define HAVE_ALLOCA 1
| #define HAVE_ARPA_INET_H 1
| #define HAVE_FCNTL_H 1
| #define HAVE_LIMITS_H 1
| #define HAVE_NETDB_H 1
| #define HAVE_NETINET_IN_H 1
| #define HAVE_STDLIB_H 1
| #define HAVE_STRING_H 1
| #define HAVE_SYS_SOCKET_H 1
| #define HAVE_SYS_TIME_H 1
| #define HAVE_UNISTD_H 1
| #define HAVE__BOOL 1
| #define HAVE_STDBOOL_H 1
| /* end confdefs.h.  */
| #include <stdio.h>
| #ifdef HAVE_SYS_TYPES_H
| # include <sys/types.h>
| #endif
| #ifdef HAVE_SYS_STAT_H
| # include <sys/stat.h>
| #endif
| #ifdef STDC_HEADERS
| # include <stdlib.h>
| # include <stddef.h>
| #else
| # ifdef HAVE_STDLIB_H
| #  include <stdlib.h>
| # endif
| #endif
| #ifdef HAVE_STRING_H
| # if !defined STDC_HEADERS && defined HAVE_MEMORY_H
| #  include <memory.h>
| # endif
| # include <string.h>
| #endif
| #ifdef HAVE_STRINGS_H
| # include <strings.h>
| #endif
| #ifdef HAVE_INTTYPES_H
| # include <inttypes.h>
| #endif
| #ifdef HAVE_STDINT_H
| # include <stdint.h>
| #endif
| #ifdef HAVE_UNISTD_H
| # include <unistd.h>
| #endif
| #include <vfork.h>
configure:8789: result: no
configure:8789: checking vfork.h presence
configure:8789: gcc -E  -D__LINUX conftest.c
conftest.c:31:10: fatal error: vfork.h: No such file or directory
 #include <vfork.h>
          ^~~~~~~~~
compilation terminated.
configure:8789: $? = 1
configure: failed program was:
| /* confdefs.h */
| #define PACKAGE_NAME "SIPp"
| #define PACKAGE_TARNAME "sipp"
| #define PACKAGE_VERSION "see-include/version.h"
| #define PACKAGE_STRING "SIPp see-include/version.h"
| #define PACKAGE_BUGREPORT "sipp-users@lists.sourceforge.net"
| #define PACKAGE_URL ""
| #define PACKAGE "sipp"
| #define VERSION "see-include/version.h"
| #define STDC_HEADERS 1
| #define HAVE_CXX11 1
| #define HAVE_LIBCURSES 1
| #define HAVE_PCAP_H 1
| #define HAVE_PCAP_NEXT_EX 1
| #define HAVE_EPOLL 1
| #define HAVE_ALLOCA_H 1
| #define HAVE_ALLOCA 1
| #define HAVE_ARPA_INET_H 1
| #define HAVE_FCNTL_H 1
| #define HAVE_LIMITS_H 1
| #define HAVE_NETDB_H 1
| #define HAVE_NETINET_IN_H 1
| #define HAVE_STDLIB_H 1
| #define HAVE_STRING_H 1
| #define HAVE_SYS_SOCKET_H 1
| #define HAVE_SYS_TIME_H 1
| #define HAVE_UNISTD_H 1
| #define HAVE__BOOL 1
| #define HAVE_STDBOOL_H 1
| /* end confdefs.h.  */
| #include <vfork.h>
configure:8789: result: no
configure:8789: checking for vfork.h
configure:8789: result: no
configure:8802: checking for fork
configure:8802: gcc -o conftest -g -O2 -std=gnu11 -D__LINUX  -D__LINUX  conftest.c -lpcap -lm -lpthread -ldl -lcurses  >&5
conftest.c:54:6: warning: conflicting types for built-in function 'fork' [-Wbuiltin-declaration-mismatch]
 char fork ();
      ^~~~
configure:8802: $? = 0
configure:8802: result: yes
configure:8802: checking for vfork
configure:8802: gcc -o conftest -g -O2 -std=gnu11 -D__LINUX  -D__LINUX  conftest.c -lpcap -lm -lpthread -ldl -lcurses  >&5
configure:8802: $? = 0
configure:8802: result: yes
configure:8812: checking for working fork
configure:8834: gcc -o conftest -g -O2 -std=gnu11 -D__LINUX  -D__LINUX  conftest.c -lpcap -lm -lpthread -ldl -lcurses  >&5
configure:8834: $? = 0
configure:8834: ./conftest
configure:8834: $? = 0
configure:8844: result: yes
configure:8865: checking for working vfork
configure:8975: result: yes
configure:9006: checking for alarm
configure:9006: gcc -o conftest -g -O2 -std=gnu11 -D__LINUX  -D__LINUX  conftest.c -lpcap -lm -lpthread -ldl -lcurses  >&5
configure:9006: $? = 0
configure:9006: result: yes
configure:9006: checking for dup2
configure:9006: gcc -o conftest -g -O2 -std=gnu11 -D__LINUX  -D__LINUX  conftest.c -lpcap -lm -lpthread -ldl -lcurses  >&5
configure:9006: $? = 0
configure:9006: result: yes
configure:9006: checking for floor
configure:9006: gcc -o conftest -g -O2 -std=gnu11 -D__LINUX  -D__LINUX  conftest.c -lpcap -lm -lpthread -ldl -lcurses  >&5
conftest.c:60:6: warning: conflicting types for built-in function 'floor' [-Wbuiltin-declaration-mismatch]
 char floor ();
      ^~~~~
configure:9006: $? = 0
configure:9006: result: yes
configure:9006: checking for gethostname
configure:9006: gcc -o conftest -g -O2 -std=gnu11 -D__LINUX  -D__LINUX  conftest.c -lpcap -lm -lpthread -ldl -lcurses  >&5
configure:9006: $? = 0
configure:9006: result: yes
configure:9006: checking for gettimeofday
configure:9006: gcc -o conftest -g -O2 -std=gnu11 -D__LINUX  -D__LINUX  conftest.c -lpcap -lm -lpthread -ldl -lcurses  >&5
configure:9006: $? = 0
configure:9006: result: yes
configure:9006: checking for inet_ntoa
configure:9006: gcc -o conftest -g -O2 -std=gnu11 -D__LINUX  -D__LINUX  conftest.c -lpcap -lm -lpthread -ldl -lcurses  >&5
configure:9006: $? = 0
configure:9006: result: yes
configure:9006: checking for memmove
configure:9006: gcc -o conftest -g -O2 -std=gnu11 -D__LINUX  -D__LINUX  conftest.c -lpcap -lm -lpthread -ldl -lcurses  >&5
conftest.c:64:6: warning: conflicting types for built-in function 'memmove' [-Wbuiltin-declaration-mismatch]
 char memmove ();
      ^~~~~~~
configure:9006: $? = 0
configure:9006: result: yes
configure:9006: checking for memset
configure:9006: gcc -o conftest -g -O2 -std=gnu11 -D__LINUX  -D__LINUX  conftest.c -lpcap -lm -lpthread -ldl -lcurses  >&5
conftest.c:65:6: warning: conflicting types for built-in function 'memset' [-Wbuiltin-declaration-mismatch]
 char memset ();
      ^~~~~~
configure:9006: $? = 0
configure:9006: result: yes
configure:9006: checking for pow
configure:9006: gcc -o conftest -g -O2 -std=gnu11 -D__LINUX  -D__LINUX  conftest.c -lpcap -lm -lpthread -ldl -lcurses  >&5
conftest.c:66:6: warning: conflicting types for built-in function 'pow' [-Wbuiltin-declaration-mismatch]
 char pow ();
      ^~~
configure:9006: $? = 0
configure:9006: result: yes
configure:9006: checking for regcomp
configure:9006: gcc -o conftest -g -O2 -std=gnu11 -D__LINUX  -D__LINUX  conftest.c -lpcap -lm -lpthread -ldl -lcurses  >&5
configure:9006: $? = 0
configure:9006: result: yes
configure:9006: checking for socket
configure:9006: gcc -o conftest -g -O2 -std=gnu11 -D__LINUX  -D__LINUX  conftest.c -lpcap -lm -lpthread -ldl -lcurses  >&5
configure:9006: $? = 0
configure:9006: result: yes
configure:9006: checking for sqrt
configure:9006: gcc -o conftest -g -O2 -std=gnu11 -D__LINUX  -D__LINUX  conftest.c -lpcap -lm -lpthread -ldl -lcurses  >&5
conftest.c:69:6: warning: conflicting types for built-in function 'sqrt' [-Wbuiltin-declaration-mismatch]
 char sqrt ();
      ^~~~
configure:9006: $? = 0
configure:9006: result: yes
configure:9006: checking for strcasecmp
configure:9006: gcc -o conftest -g -O2 -std=gnu11 -D__LINUX  -D__LINUX  conftest.c -lpcap -lm -lpthread -ldl -lcurses  >&5
conftest.c:70:6: warning: conflicting types for built-in function 'strcasecmp' [-Wbuiltin-declaration-mismatch]
 char strcasecmp ();
      ^~~~~~~~~~
configure:9006: $? = 0
configure:9006: result: yes
configure:9006: checking for strchr
configure:9006: gcc -o conftest -g -O2 -std=gnu11 -D__LINUX  -D__LINUX  conftest.c -lpcap -lm -lpthread -ldl -lcurses  >&5
conftest.c:71:6: warning: conflicting types for built-in function 'strchr' [-Wbuiltin-declaration-mismatch]
 char strchr ();
      ^~~~~~
configure:9006: $? = 0
configure:9006: result: yes
configure:9006: checking for strcspn
configure:9006: gcc -o conftest -g -O2 -std=gnu11 -D__LINUX  -D__LINUX  conftest.c -lpcap -lm -lpthread -ldl -lcurses  >&5
conftest.c:72:6: warning: conflicting types for built-in function 'strcspn' [-Wbuiltin-declaration-mismatch]
 char strcspn ();
      ^~~~~~~
configure:9006: $? = 0
configure:9006: result: yes
configure:9006: checking for strdup
configure:9006: gcc -o conftest -g -O2 -std=gnu11 -D__LINUX  -D__LINUX  conftest.c -lpcap -lm -lpthread -ldl -lcurses  >&5
conftest.c:73:6: warning: conflicting types for built-in function 'strdup' [-Wbuiltin-declaration-mismatch]
 char strdup ();
      ^~~~~~
configure:9006: $? = 0
configure:9006: result: yes
configure:9006: checking for strerror
configure:9006: gcc -o conftest -g -O2 -std=gnu11 -D__LINUX  -D__LINUX  conftest.c -lpcap -lm -lpthread -ldl -lcurses  >&5
configure:9006: $? = 0
configure:9006: result: yes
configure:9006: checking for strncasecmp
configure:9006: gcc -o conftest -g -O2 -std=gnu11 -D__LINUX  -D__LINUX  conftest.c -lpcap -lm -lpthread -ldl -lcurses  >&5
conftest.c:75:6: warning: conflicting types for built-in function 'strncasecmp' [-Wbuiltin-declaration-mismatch]
 char strncasecmp ();
      ^~~~~~~~~~~
configure:9006: $? = 0
configure:9006: result: yes
configure:9006: checking for strrchr
configure:9006: gcc -o conftest -g -O2 -std=gnu11 -D__LINUX  -D__LINUX  conftest.c -lpcap -lm -lpthread -ldl -lcurses  >&5
conftest.c:76:6: warning: conflicting types for built-in function 'strrchr' [-Wbuiltin-declaration-mismatch]
 char strrchr ();
      ^~~~~~~
configure:9006: $? = 0
configure:9006: result: yes
configure:9006: checking for strstr
configure:9006: gcc -o conftest -g -O2 -std=gnu11 -D__LINUX  -D__LINUX  conftest.c -lpcap -lm -lpthread -ldl -lcurses  >&5
conftest.c:77:6: warning: conflicting types for built-in function 'strstr' [-Wbuiltin-declaration-mismatch]
 char strstr ();
      ^~~~~~
configure:9006: $? = 0
configure:9006: result: yes
configure:9006: checking for strtol
configure:9006: gcc -o conftest -g -O2 -std=gnu11 -D__LINUX  -D__LINUX  conftest.c -lpcap -lm -lpthread -ldl -lcurses  >&5
configure:9006: $? = 0
configure:9006: result: yes
configure:9006: checking for strtoul
configure:9006: gcc -o conftest -g -O2 -std=gnu11 -D__LINUX  -D__LINUX  conftest.c -lpcap -lm -lpthread -ldl -lcurses  >&5
configure:9006: $? = 0
configure:9006: result: yes
configure:9006: checking for strtoull
configure:9006: gcc -o conftest -g -O2 -std=gnu11 -D__LINUX  -D__LINUX  conftest.c -lpcap -lm -lpthread -ldl -lcurses  >&5
configure:9006: $? = 0
configure:9006: result: yes
configure:9037: checking whether g++ supports is_default_constructible (used by gmock)
configure:9056: g++ -c -g -O2  -D__LINUX conftest.cpp >&5
configure:9056: $? = 0
configure:9063: result: yes
configure:9189: checking that generated files are newer than configure
configure:9195: result: done
configure:9250: creating ./config.status

## ---------------------- ##
## Running config.status. ##
## ---------------------- ##

This file was extended by SIPp config.status see-include/version.h, which was
generated by GNU Autoconf 2.69.  Invocation command line was

  CONFIG_FILES    = 
  CONFIG_HEADERS  = 
  CONFIG_LINKS    = 
  CONFIG_COMMANDS = 
  $ ./config.status 

on TESTSTATION

config.status:954: creating Makefile
config.status:954: creating include/config.h
config.status:1140: include/config.h is unchanged
config.status:1188: executing depfiles commands

## ---------------- ##
## Cache variables. ##
## ---------------- ##

ac_cv_build=x86_64-pc-linux-gnu
ac_cv_c_compiler_gnu=yes
ac_cv_c_inline=inline
ac_cv_cxx_compiler_gnu=yes
ac_cv_env_CCC_set=
ac_cv_env_CCC_value=
ac_cv_env_CC_set=
ac_cv_env_CC_value=
ac_cv_env_CFLAGS_set=
ac_cv_env_CFLAGS_value=
ac_cv_env_CPPFLAGS_set=
ac_cv_env_CPPFLAGS_value=
ac_cv_env_CPP_set=
ac_cv_env_CPP_value=
ac_cv_env_CXXFLAGS_set=
ac_cv_env_CXXFLAGS_value=
ac_cv_env_CXX_set=
ac_cv_env_CXX_value=
ac_cv_env_LDFLAGS_set=
ac_cv_env_LDFLAGS_value=
ac_cv_env_LIBS_set=
ac_cv_env_LIBS_value=
ac_cv_env_build_alias_set=
ac_cv_env_build_alias_value=
ac_cv_env_host_alias_set=
ac_cv_env_host_alias_value=
ac_cv_env_target_alias_set=
ac_cv_env_target_alias_value=
ac_cv_func_alarm=yes
ac_cv_func_alloca_works=yes
ac_cv_func_dup2=yes
ac_cv_func_floor=yes
ac_cv_func_fork=yes
ac_cv_func_fork_works=yes
ac_cv_func_gethostname=yes
ac_cv_func_gettimeofday=yes
ac_cv_func_inet_ntoa=yes
ac_cv_func_memmove=yes
ac_cv_func_memset=yes
ac_cv_func_pow=yes
ac_cv_func_regcomp=yes
ac_cv_func_socket=yes
ac_cv_func_sqrt=yes
ac_cv_func_strcasecmp=yes
ac_cv_func_strchr=yes
ac_cv_func_strcspn=yes
ac_cv_func_strdup=yes
ac_cv_func_strerror=yes
ac_cv_func_strncasecmp=yes
ac_cv_func_strrchr=yes
ac_cv_func_strstr=yes
ac_cv_func_strtol=yes
ac_cv_func_strtoul=yes
ac_cv_func_strtoull=yes
ac_cv_func_vfork=yes
ac_cv_func_vfork_works=yes
ac_cv_header_arpa_inet_h=yes
ac_cv_header_fcntl_h=yes
ac_cv_header_limits_h=yes
ac_cv_header_linux_version_h=yes
ac_cv_header_netdb_h=yes
ac_cv_header_netinet_in_h=yes
ac_cv_header_pcap_h=yes
ac_cv_header_stdbool_h=yes
ac_cv_header_stdc=yes
ac_cv_header_stdlib_h=yes
ac_cv_header_string_h=yes
ac_cv_header_sys_socket_h=yes
ac_cv_header_sys_time_h=yes
ac_cv_header_unistd_h=yes
ac_cv_header_vfork_h=no
ac_cv_host=x86_64-pc-linux-gnu
ac_cv_lib_curses_initscr=yes
ac_cv_lib_pcap_pcap_next_ex=yes
ac_cv_lib_pthread_pthread_mutex_init=yes
ac_cv_objext=o
ac_cv_path_EGREP='/bin/grep -E'
ac_cv_path_GREP=/bin/grep
ac_cv_path_install='/usr/bin/install -c'
ac_cv_path_mkdir=/bin/mkdir
ac_cv_prog_AWK=mawk
ac_cv_prog_CPP='gcc -E'
ac_cv_prog_ac_ct_CC=gcc
ac_cv_prog_ac_ct_CXX=g++
ac_cv_prog_cc_c89=
ac_cv_prog_cc_g=yes
ac_cv_prog_cxx_g=yes
ac_cv_prog_make_make_set=yes
ac_cv_search_bind='none required'
ac_cv_search_clock_gettime='none required'
ac_cv_search_dlerror='none required'
ac_cv_search_dlopen=-ldl
ac_cv_search_dlsym='none required'
ac_cv_search_floor=-lm
ac_cv_search_freeaddrinfo='none required'
ac_cv_search_getaddrinfo='none required'
ac_cv_search_htons='none required'
ac_cv_search_inet_addr='none required'
ac_cv_search_inet_ntoa='none required'
ac_cv_search_listen='none required'
ac_cv_search_ntohs='none required'
ac_cv_search_pcap_close='none required'
ac_cv_search_pcap_next='none required'
ac_cv_search_pcap_open_offline=-lpcap
ac_cv_search_pow='none required'
ac_cv_search_pthread_attr_destroy='none required'
ac_cv_search_pthread_attr_init='none required'
ac_cv_search_pthread_attr_setstacksize='none required'
ac_cv_search_pthread_cancel=-lpthread
ac_cv_search_pthread_create='none required'
ac_cv_search_pthread_exit='none required'
ac_cv_search_pthread_join='none required'
ac_cv_search_pthread_mutex_destroy='none required'
ac_cv_search_pthread_mutex_init='none required'
ac_cv_search_pthread_mutex_lock='none required'
ac_cv_search_pthread_mutex_unlock='none required'
ac_cv_search_pthread_self='none required'
ac_cv_search_pthread_setcancelstate='none required'
ac_cv_search_pthread_setcanceltype='none required'
ac_cv_search_pthread_setschedparam='none required'
ac_cv_search_pthread_sigmask='none required'
ac_cv_search_recvfrom='none required'
ac_cv_search_shutdown='none required'
ac_cv_target=x86_64-pc-linux-gnu
ac_cv_type__Bool=yes
ac_cv_type_pid_t=yes
ac_cv_type_size_t=yes
ac_cv_type_ssize_t=yes
ac_cv_working_alloca_h=yes
am_cv_CC_dependencies_compiler_type=gcc3
am_cv_CXX_dependencies_compiler_type=gcc3
am_cv_make_support_nested_variables=yes
am_cv_prog_cc_c_o=yes
ax_cv_check_cflags___std_gnu11=yes
ax_cv_cxx_compile_cxx11=yes
ax_cv_cxx_has_is_default_constructible=yes
ax_cv_have_epoll=yes

## ----------------- ##
## Output variables. ##
## ----------------- ##

ACLOCAL='${SHELL} /home/mateuszbaran/Desktop/sipp-3.5.1/missing aclocal-1.15'
ALLOCA=''
AMDEPBACKSLASH='\'
AMDEP_FALSE='#'
AMDEP_TRUE=''
AMTAR='$${TAR-tar}'
AM_BACKSLASH='\'
AM_DEFAULT_V='$(AM_DEFAULT_VERBOSITY)'
AM_DEFAULT_VERBOSITY='1'
AM_V='$(V)'
AUTOCONF='${SHELL} /home/mateuszbaran/Desktop/sipp-3.5.1/missing autoconf'
AUTOHEADER='${SHELL} /home/mateuszbaran/Desktop/sipp-3.5.1/missing autoheader'
AUTOMAKE='${SHELL} /home/mateuszbaran/Desktop/sipp-3.5.1/missing automake-1.15'
AWK='mawk'
CC='gcc'
CCDEPMODE='depmode=gcc3'
CFLAGS='-g -O2 -std=gnu11 -D__LINUX'
CPP='gcc -E'
CPPFLAGS=' -D__LINUX'
CXX='g++'
CXXDEPMODE='depmode=gcc3'
CXXFLAGS='-g -O2'
CYGPATH_W='echo'
DEFS='-DHAVE_CONFIG_H'
DEPDIR='.deps'
ECHO_C=''
ECHO_N='-n'
ECHO_T=''
EGREP='/bin/grep -E'
EXEEXT=''
GREP='/bin/grep'
GSL_CFLAGS=''
GSL_CXXFLAGS=''
GSL_LIBS=''
HAVE_CXX11='1'
HAVE_EPOLL_FALSE='#'
HAVE_EPOLL_TRUE=''
HAVE_GSL_FALSE=''
HAVE_GSL_TRUE='#'
HAVE_HELP2MAN_FALSE=''
HAVE_HELP2MAN_TRUE='#'
HAVE_OPENSSL_FALSE=''
HAVE_OPENSSL_TRUE='#'
HAVE_PCAP_FALSE='#'
HAVE_PCAP_TRUE=''
HAVE_RTP_FALSE='#'
HAVE_RTP_TRUE=''
HAVE_SCTP_FALSE=''
HAVE_SCTP_TRUE='#'
HELP2MAN=''
INSTALL_DATA='${INSTALL} -m 644'
INSTALL_PROGRAM='${INSTALL}'
INSTALL_SCRIPT='${INSTALL}'
INSTALL_STRIP_PROGRAM='$(install_sh) -c -s'
LDFLAGS=''
LIBOBJS=''
LIBS='-lpcap -lm -lpthread -ldl -lcurses '
LTLIBOBJS=''
MAKEINFO='${SHELL} /home/mateuszbaran/Desktop/sipp-3.5.1/missing makeinfo'
MKDIR_P='/bin/mkdir -p'
OBJEXT='o'
PACKAGE='sipp'
PACKAGE_BUGREPORT='sipp-users@lists.sourceforge.net'
PACKAGE_NAME='SIPp'
PACKAGE_STRING='SIPp see-include/version.h'
PACKAGE_TARNAME='sipp'
PACKAGE_URL=''
PACKAGE_VERSION='see-include/version.h'
PATH_SEPARATOR=':'
SET_MAKE=''
SHELL='/bin/bash'
STRIP=''
VERSION='see-include/version.h'
ac_ct_CC='gcc'
ac_ct_CXX='g++'
am__EXEEXT_FALSE=''
am__EXEEXT_TRUE='#'
am__fastdepCC_FALSE='#'
am__fastdepCC_TRUE=''
am__fastdepCXX_FALSE='#'
am__fastdepCXX_TRUE=''
am__include='include'
am__isrc=''
am__leading_dot='.'
am__nodep='_no'
am__quote=''
am__tar='$${TAR-tar} chof - "$$tardir"'
am__untar='$${TAR-tar} xf -'
bindir='${exec_prefix}/bin'
build='x86_64-pc-linux-gnu'
build_alias=''
build_cpu='x86_64'
build_os='linux-gnu'
build_vendor='pc'
datadir='${datarootdir}'
datarootdir='${prefix}/share'
docdir='${datarootdir}/doc/${PACKAGE_TARNAME}'
dvidir='${docdir}'
exec_prefix='${prefix}'
host='x86_64-pc-linux-gnu'
host_alias=''
host_cpu='x86_64'
host_os='linux-gnu'
host_vendor='pc'
htmldir='${docdir}'
includedir='${prefix}/include'
infodir='${datarootdir}/info'
install_sh='${SHELL} /home/mateuszbaran/Desktop/sipp-3.5.1/install-sh'
libdir='${exec_prefix}/lib'
libexecdir='${exec_prefix}/libexec'
localedir='${datarootdir}/locale'
localstatedir='${prefix}/var'
mandir='${datarootdir}/man'
mkdir_p='$(MKDIR_P)'
oldincludedir='/usr/include'
pdfdir='${docdir}'
prefix='/usr/local'
program_transform_name='s,x,x,'
psdir='${docdir}'
runstatedir='${localstatedir}/run'
sbindir='${exec_prefix}/sbin'
sharedstatedir='${prefix}/com'
sysconfdir='${prefix}/etc'
target='x86_64-pc-linux-gnu'
target_alias=''
target_cpu='x86_64'
target_os='linux-gnu'
target_vendor='pc'

## ------------------- ##
## File substitutions. ##
## ------------------- ##

AM_GIT_VERSION='./m4/am_git_version.mh'

## ----------- ##
## confdefs.h. ##
## ----------- ##

/* confdefs.h */
#define PACKAGE_NAME "SIPp"
#define PACKAGE_TARNAME "sipp"
#define PACKAGE_VERSION "see-include/version.h"
#define PACKAGE_STRING "SIPp see-include/version.h"
#define PACKAGE_BUGREPORT "sipp-users@lists.sourceforge.net"
#define PACKAGE_URL ""
#define PACKAGE "sipp"
#define VERSION "see-include/version.h"
#define STDC_HEADERS 1
#define HAVE_CXX11 1
#define HAVE_LIBCURSES 1
#define HAVE_PCAP_H 1
#define HAVE_PCAP_NEXT_EX 1
#define HAVE_EPOLL 1
#define HAVE_ALLOCA_H 1
#define HAVE_ALLOCA 1
#define HAVE_ARPA_INET_H 1
#define HAVE_FCNTL_H 1
#define HAVE_LIMITS_H 1
#define HAVE_NETDB_H 1
#define HAVE_NETINET_IN_H 1
#define HAVE_STDLIB_H 1
#define HAVE_STRING_H 1
#define HAVE_SYS_SOCKET_H 1
#define HAVE_SYS_TIME_H 1
#define HAVE_UNISTD_H 1
#define HAVE__BOOL 1
#define HAVE_STDBOOL_H 1
#define HAVE_FORK 1
#define HAVE_VFORK 1
#define HAVE_WORKING_VFORK 1
#define HAVE_WORKING_FORK 1
#define HAVE_ALARM 1
#define HAVE_DUP2 1
#define HAVE_FLOOR 1
#define HAVE_GETHOSTNAME 1
#define HAVE_GETTIMEOFDAY 1
#define HAVE_INET_NTOA 1
#define HAVE_MEMMOVE 1
#define HAVE_MEMSET 1
#define HAVE_POW 1
#define HAVE_REGCOMP 1
#define HAVE_SOCKET 1
#define HAVE_SQRT 1
#define HAVE_STRCASECMP 1
#define HAVE_STRCHR 1
#define HAVE_STRCSPN 1
#define HAVE_STRDUP 1
#define HAVE_STRERROR 1
#define HAVE_STRNCASECMP 1
#define HAVE_STRRCHR 1
#define HAVE_STRSTR 1
#define HAVE_STRTOL 1
#define HAVE_STRTOUL 1
#define HAVE_STRTOULL 1

configure: exit 0

## ---------------------- ##
## Running config.status. ##
## ---------------------- ##

This file was extended by SIPp config.status see-include/version.h, which was
generated by GNU Autoconf 2.69.  Invocation command line was

  CONFIG_FILES    = 
  CONFIG_HEADERS  = 
  CONFIG_LINKS    = 
  CONFIG_COMMANDS = 
  $ ./config.status 

on rafal-Pirios

config.status:954: creating Makefile
config.status:954: creating include/config.h
config.status:1140: include/config.h is unchanged
config.status:1188: executing depfiles commands
